Build started 5/1/2016 8:18:32 AM.
     1>Project "C:\Users\Bemis\documents\visual studio 2015\Projects\OpenGL 2D\OpenGL 2D\OpenGL 2D.vcxproj" on node 2 (Build target(s)).
     1>ClCompile:
         C:\Program Files (x86)\Microsoft Visual Studio 14.0\VC\bin\CL.exe /c /I./include /ZI /nologo /W3 /WX- /sdl /Od /Oy- /D _MBCS /Gm /EHsc /RTC1 /MDd /GS /fp:precise /Zc:wchar_t /Zc:forScope /Zc:inline /Fo"Debug\\" /Fd"Debug\vc140.pdb" /Gd /TP /analyze- /errorReport:prompt health.cpp
         health.cpp
       Link:
         C:\Program Files (x86)\Microsoft Visual Studio 14.0\VC\bin\link.exe /ERRORREPORT:PROMPT /OUT:"C:\Users\Bemis\documents\visual studio 2015\Projects\OpenGL 2D\Debug\OpenGL 2D.exe" /INCREMENTAL /NOLOGO /LIBPATH:./lib SDL2.lib SDL2main.lib SDL2test.lib glew32.lib glew32s.lib OpenGL32.lib winmm.lib kernel32.lib user32.lib gdi32.lib winspool.lib comdlg32.lib advapi32.lib shell32.lib ole32.lib oleaut32.lib uuid.lib odbc32.lib odbccp32.lib /MANIFEST /MANIFESTUAC:"level='asInvoker' uiAccess='false'" /manifest:embed /Debug /PDB:"C:\Users\Bemis\documents\visual studio 2015\Projects\OpenGL 2D\Debug\OpenGL 2D.pdb" /SUBSYSTEM:CONSOLE /TLBID:1 /DYNAMICBASE /NXCOMPAT /IMPLIB:"C:\Users\Bemis\documents\visual studio 2015\Projects\OpenGL 2D\Debug\OpenGL 2D.lib" /MACHINE:X86 Debug\display.obj
         Debug\entityManager.obj
         Debug\health.obj
         Debug\inputManager.obj
         Debug\level.obj
         Debug\levelReader.obj
         Debug\main.obj
         Debug\mesh.obj
         Debug\player.obj
         Debug\shader.obj
         Debug\texture.obj
         OpenGL 2D.vcxproj -> C:\Users\Bemis\documents\visual studio 2015\Projects\OpenGL 2D\Debug\OpenGL 2D.exe
     1>Done Building Project "C:\Users\Bemis\documents\visual studio 2015\Projects\OpenGL 2D\OpenGL 2D\OpenGL 2D.vcxproj" (Build target(s)).

Build succeeded.

Time Elapsed 00:00:01.31
